==============================================================================
Suites                                                                        
==============================================================================
Suites.AMS                                                                    
==============================================================================
ArticleManagementSystem                                               | PASS |
------------------------------------------------------------------------------
PriceTicket                                                           xpath://a[normalize-space()='Price Ticket Generator']
xpath://table[@id='ContentPlaceHolder1_grdSelectedItems']//td[2]
| PASS |
------------------------------------------------------------------------------
Suites.AMS                                                            | PASS |
2 critical tests, 2 passed, 0 failed
2 tests total, 2 passed, 0 failed
==============================================================================
Suites                                                                | PASS |
2 critical tests, 2 passed, 0 failed
2 tests total, 2 passed, 0 failed
==============================================================================
Output:  C:\Users\225027\PycharmProjects\pythonProject\pabot_results\0\output.xml
